2020-03-10 11:38:06,701 [Worker-7: Loading available Gradle versions] INFO  o.e.b.c.i.u.g.PublishedGradleVersions - Gradle version information cache is up-to-date. Trying to read.
2020-03-10 11:38:42,798 [Worker-5: Updating Maven Dependencies] INFO  o.e.m.c.i.l.LifecycleMappingFactory - Using org.eclipse.m2e.jdt.JarLifecycleMapping lifecycle mapping for MavenProject: proyectoFinal:redLibros:0.0.1-SNAPSHOT @ C:\Users\lliurex\Documents\GitHub\Red-Libros\Red-Libros-master\redLibros\pom.xml.
2020-03-10 11:38:42,798 [Worker-2: Building] INFO  o.e.m.c.i.l.LifecycleMappingFactory - Using org.eclipse.m2e.jdt.JarLifecycleMapping lifecycle mapping for MavenProject: proyectoFinal:redLibros:0.0.1-SNAPSHOT @ C:\Users\lliurex\Documents\GitHub\Red-Libros\Red-Libros-master\redLibros\pom.xml.
2020-03-10 11:38:43,959 [Worker-2: Building] WARN  o.e.m.c.i.embedder.EclipseLogger - Using platform encoding (Cp1252 actually) to copy filtered resources, i.e. build is platform dependent!
2020-03-10 11:38:43,965 [Worker-2: Building] INFO  o.e.m.c.i.embedder.EclipseLogger - skip non existing resourceDirectory C:\Users\lliurex\Documents\GitHub\Red-Libros\Red-Libros-master\redLibros\src\main\resources
2020-03-10 11:38:43,968 [Worker-2: Building] WARN  o.e.m.c.i.embedder.EclipseLogger - Using platform encoding (Cp1252 actually) to copy filtered resources, i.e. build is platform dependent!
2020-03-10 11:38:43,973 [Worker-2: Building] INFO  o.e.m.c.i.embedder.EclipseLogger - skip non existing resourceDirectory C:\Users\lliurex\Documents\GitHub\Red-Libros\Red-Libros-master\redLibros\src\test\resources
2020-03-10 11:38:46,146 [Worker-2: Updating Maven Dependencies] INFO  o.e.m.c.i.l.LifecycleMappingFactory - Using org.eclipse.m2e.jdt.JarLifecycleMapping lifecycle mapping for MavenProject: proyectoFinal:redLibros:0.0.1-SNAPSHOT @ C:\Users\lliurex\Documents\GitHub\Red-Libros\Red-Libros-master\redLibros\pom.xml.
2020-03-10 11:38:46,291 [Worker-5: Building] WARN  o.e.m.c.i.embedder.EclipseLogger - Using platform encoding (Cp1252 actually) to copy filtered resources, i.e. build is platform dependent!
2020-03-10 11:38:46,297 [Worker-5: Building] INFO  o.e.m.c.i.embedder.EclipseLogger - skip non existing resourceDirectory C:\Users\lliurex\Documents\GitHub\Red-Libros\Red-Libros-master\redLibros\src\main\resources
2020-03-10 11:38:46,299 [Worker-5: Building] WARN  o.e.m.c.i.embedder.EclipseLogger - Using platform encoding (Cp1252 actually) to copy filtered resources, i.e. build is platform dependent!
2020-03-10 11:38:46,305 [Worker-5: Building] INFO  o.e.m.c.i.embedder.EclipseLogger - skip non existing resourceDirectory C:\Users\lliurex\Documents\GitHub\Red-Libros\Red-Libros-master\redLibros\src\test\resources
2020-03-10 11:38:47,362 [Worker-5: Building] WARN  o.e.m.c.i.embedder.EclipseLogger - Using platform encoding (Cp1252 actually) to copy filtered resources, i.e. build is platform dependent!
2020-03-10 11:38:47,370 [Worker-5: Building] INFO  o.e.m.c.i.embedder.EclipseLogger - skip non existing resourceDirectory C:\Users\lliurex\Documents\GitHub\Red-Libros\Red-Libros-master\redLibros\src\main\resources
2020-03-10 11:38:47,372 [Worker-5: Building] WARN  o.e.m.c.i.embedder.EclipseLogger - Using platform encoding (Cp1252 actually) to copy filtered resources, i.e. build is platform dependent!
2020-03-10 11:38:47,393 [Worker-5: Building] INFO  o.e.m.c.i.embedder.EclipseLogger - skip non existing resourceDirectory C:\Users\lliurex\Documents\GitHub\Red-Libros\Red-Libros-master\redLibros\src\test\resources
2020-03-10 11:39:18,627 [Worker-5: Building] WARN  o.e.m.c.i.embedder.EclipseLogger - Using platform encoding (Cp1252 actually) to copy filtered resources, i.e. build is platform dependent!
2020-03-10 11:39:18,646 [Worker-5: Building] INFO  o.e.m.c.i.embedder.EclipseLogger - skip non existing resourceDirectory C:\Users\lliurex\Documents\GitHub\Red-Libros\Red-Libros-master\redLibros\src\main\resources
2020-03-10 11:39:18,647 [Worker-5: Building] WARN  o.e.m.c.i.embedder.EclipseLogger - Using platform encoding (Cp1252 actually) to copy filtered resources, i.e. build is platform dependent!
2020-03-10 11:39:18,660 [Worker-5: Building] INFO  o.e.m.c.i.embedder.EclipseLogger - skip non existing resourceDirectory C:\Users\lliurex\Documents\GitHub\Red-Libros\Red-Libros-master\redLibros\src\test\resources
2020-03-10 11:39:23,705 [Worker-9: Building] WARN  o.e.m.c.i.embedder.EclipseLogger - Using platform encoding (Cp1252 actually) to copy filtered resources, i.e. build is platform dependent!
2020-03-10 11:39:23,710 [Worker-9: Building] INFO  o.e.m.c.i.embedder.EclipseLogger - skip non existing resourceDirectory C:\Users\lliurex\Documents\GitHub\Red-Libros\Red-Libros-master\redLibros\src\main\resources
2020-03-10 11:39:23,712 [Worker-9: Building] WARN  o.e.m.c.i.embedder.EclipseLogger - Using platform encoding (Cp1252 actually) to copy filtered resources, i.e. build is platform dependent!
2020-03-10 11:39:23,719 [Worker-9: Building] INFO  o.e.m.c.i.embedder.EclipseLogger - skip non existing resourceDirectory C:\Users\lliurex\Documents\GitHub\Red-Libros\Red-Libros-master\redLibros\src\test\resources
2020-03-10 11:39:51,743 [Worker-8: Building] WARN  o.e.m.c.i.embedder.EclipseLogger - Using platform encoding (Cp1252 actually) to copy filtered resources, i.e. build is platform dependent!
2020-03-10 11:39:51,757 [Worker-8: Building] INFO  o.e.m.c.i.embedder.EclipseLogger - skip non existing resourceDirectory C:\Users\lliurex\Documents\GitHub\Red-Libros\Red-Libros-master\redLibros\src\main\resources
2020-03-10 11:39:51,765 [Worker-8: Building] WARN  o.e.m.c.i.embedder.EclipseLogger - Using platform encoding (Cp1252 actually) to copy filtered resources, i.e. build is platform dependent!
2020-03-10 11:39:51,775 [Worker-8: Building] INFO  o.e.m.c.i.embedder.EclipseLogger - skip non existing resourceDirectory C:\Users\lliurex\Documents\GitHub\Red-Libros\Red-Libros-master\redLibros\src\test\resources
2020-03-10 11:40:09,766 [Worker-2: Building] WARN  o.e.m.c.i.embedder.EclipseLogger - Using platform encoding (Cp1252 actually) to copy filtered resources, i.e. build is platform dependent!
2020-03-10 11:40:09,773 [Worker-2: Building] INFO  o.e.m.c.i.embedder.EclipseLogger - skip non existing resourceDirectory C:\Users\lliurex\Documents\GitHub\Red-Libros\Red-Libros-master\redLibros\src\main\resources
2020-03-10 11:40:09,774 [Worker-2: Building] WARN  o.e.m.c.i.embedder.EclipseLogger - Using platform encoding (Cp1252 actually) to copy filtered resources, i.e. build is platform dependent!
2020-03-10 11:40:09,780 [Worker-2: Building] INFO  o.e.m.c.i.embedder.EclipseLogger - skip non existing resourceDirectory C:\Users\lliurex\Documents\GitHub\Red-Libros\Red-Libros-master\redLibros\src\test\resources
2020-03-10 11:40:24,872 [Worker-8: Building] WARN  o.e.m.c.i.embedder.EclipseLogger - Using platform encoding (Cp1252 actually) to copy filtered resources, i.e. build is platform dependent!
2020-03-10 11:40:24,882 [Worker-8: Building] INFO  o.e.m.c.i.embedder.EclipseLogger - skip non existing resourceDirectory C:\Users\lliurex\Documents\GitHub\Red-Libros\Red-Libros-master\redLibros\src\main\resources
2020-03-10 11:40:24,884 [Worker-8: Building] WARN  o.e.m.c.i.embedder.EclipseLogger - Using platform encoding (Cp1252 actually) to copy filtered resources, i.e. build is platform dependent!
2020-03-10 11:40:24,893 [Worker-8: Building] INFO  o.e.m.c.i.embedder.EclipseLogger - skip non existing resourceDirectory C:\Users\lliurex\Documents\GitHub\Red-Libros\Red-Libros-master\redLibros\src\test\resources
2020-03-10 11:41:09,775 [Worker-1: Building] WARN  o.e.m.c.i.embedder.EclipseLogger - Using platform encoding (Cp1252 actually) to copy filtered resources, i.e. build is platform dependent!
2020-03-10 11:41:09,783 [Worker-1: Building] INFO  o.e.m.c.i.embedder.EclipseLogger - skip non existing resourceDirectory C:\Users\lliurex\Documents\GitHub\Red-Libros\Red-Libros-master\redLibros\src\main\resources
2020-03-10 11:41:09,785 [Worker-1: Building] WARN  o.e.m.c.i.embedder.EclipseLogger - Using platform encoding (Cp1252 actually) to copy filtered resources, i.e. build is platform dependent!
2020-03-10 11:41:09,792 [Worker-1: Building] INFO  o.e.m.c.i.embedder.EclipseLogger - skip non existing resourceDirectory C:\Users\lliurex\Documents\GitHub\Red-Libros\Red-Libros-master\redLibros\src\test\resources
2020-03-10 11:41:10,836 [Worker-4: Building] WARN  o.e.m.c.i.embedder.EclipseLogger - Using platform encoding (Cp1252 actually) to copy filtered resources, i.e. build is platform dependent!
2020-03-10 11:41:10,846 [Worker-4: Building] INFO  o.e.m.c.i.embedder.EclipseLogger - skip non existing resourceDirectory C:\Users\lliurex\Documents\GitHub\Red-Libros\Red-Libros-master\redLibros\src\main\resources
2020-03-10 11:41:10,847 [Worker-4: Building] WARN  o.e.m.c.i.embedder.EclipseLogger - Using platform encoding (Cp1252 actually) to copy filtered resources, i.e. build is platform dependent!
2020-03-10 11:41:10,857 [Worker-4: Building] INFO  o.e.m.c.i.embedder.EclipseLogger - skip non existing resourceDirectory C:\Users\lliurex\Documents\GitHub\Red-Libros\Red-Libros-master\redLibros\src\test\resources
2020-03-10 11:41:26,266 [Worker-4: Building] WARN  o.e.m.c.i.embedder.EclipseLogger - Using platform encoding (Cp1252 actually) to copy filtered resources, i.e. build is platform dependent!
2020-03-10 11:41:26,274 [Worker-4: Building] INFO  o.e.m.c.i.embedder.EclipseLogger - skip non existing resourceDirectory C:\Users\lliurex\Documents\GitHub\Red-Libros\Red-Libros-master\redLibros\src\main\resources
2020-03-10 11:41:26,275 [Worker-4: Building] WARN  o.e.m.c.i.embedder.EclipseLogger - Using platform encoding (Cp1252 actually) to copy filtered resources, i.e. build is platform dependent!
2020-03-10 11:41:26,281 [Worker-4: Building] INFO  o.e.m.c.i.embedder.EclipseLogger - skip non existing resourceDirectory C:\Users\lliurex\Documents\GitHub\Red-Libros\Red-Libros-master\redLibros\src\test\resources
2020-03-10 11:41:49,801 [Worker-2: Building] WARN  o.e.m.c.i.embedder.EclipseLogger - Using platform encoding (Cp1252 actually) to copy filtered resources, i.e. build is platform dependent!
2020-03-10 11:41:49,809 [Worker-2: Building] INFO  o.e.m.c.i.embedder.EclipseLogger - skip non existing resourceDirectory C:\Users\lliurex\Documents\GitHub\Red-Libros\Red-Libros-master\redLibros\src\main\resources
2020-03-10 11:41:49,811 [Worker-2: Building] WARN  o.e.m.c.i.embedder.EclipseLogger - Using platform encoding (Cp1252 actually) to copy filtered resources, i.e. build is platform dependent!
2020-03-10 11:41:49,819 [Worker-2: Building] INFO  o.e.m.c.i.embedder.EclipseLogger - skip non existing resourceDirectory C:\Users\lliurex\Documents\GitHub\Red-Libros\Red-Libros-master\redLibros\src\test\resources
